build_target.py -  setTarget DEBUG - download target and set build option
build_target.py -  prepare_fuzz_environment DEBUG - prepare fuzz environment
build_target.py -  build_target DEBUG - build nothing option
build_target.py -  build_target DEBUG - build asan option
build_target.py -  build_target DEBUG - unset asan option
CSF.py -  buildTarget DEBUG - complete build target
CSF.py -  <module> DEBUG - set total time : 21600
CSF.py -  <module> DEBUG - set threshold_init : 1.0
thompson.py -  selectOption DEBUG - First line is nothing. Second line is ASAN.
thompson.py -  selectOption DEBUG - Success: 1, Fail: 1, Prob: [0.88380253]
thompson.py -  selectOption DEBUG - Success: 1, Fail: 1, Prob: [0.07663239]
thompson.py -  selectOption DEBUG - selected option: nothing
run_afl_test.py -  fuzz DEBUG - run afl fuzzing
run_afl_test.py -  fuzzerResultInfo DEBUG - To obtain the fuzzing result information
run_afl_test.py -  fuzz DEBUG - calculate edgeFound_new percent :19.1486736582
CSF.py -  <module> DEBUG - Selected option: nothing
CSF.py -  <module> DEBUG - Update before Success : 1, Fail : 1, Threshold : 1.0
thompson.py -  updateOptionPosterior DEBUG - Update option function - Success
CSF.py -  <module> DEBUG - Update after  Success : 2, Fail : 1, Threshold : 2.0
CSF.py -  <module> DEBUG - The new edgeFound is only less than the previous edgeFound
inputAlgorithm.py -  updateResult DEBUG - copy new crash file to total crash folder
inputAlgorithm.py -  updateResult DEBUG - copy new input file to total input folder
inputAlgorithm.py -  updateResult DEBUG - remove out folder
thompson.py -  selectOption DEBUG - First line is nothing. Second line is ASAN.
thompson.py -  selectOption DEBUG - Success: 2, Fail: 1, Prob: [0.4090386]
thompson.py -  selectOption DEBUG - Success: 1, Fail: 1, Prob: [0.38715193]
thompson.py -  selectOption DEBUG - selected option: nothing
run_afl_test.py -  fuzz DEBUG - run afl fuzzing
run_afl_test.py -  fuzzerResultInfo DEBUG - To obtain the fuzzing result information
run_afl_test.py -  fuzz DEBUG - calculate edgeFound_new percent :20.493522517
CSF.py -  <module> DEBUG - Selected option: nothing
CSF.py -  <module> DEBUG - Update before Success : 2, Fail : 1, Threshold : 2.0
thompson.py -  updateOptionPosterior DEBUG - Update option function - Fail
CSF.py -  <module> DEBUG - Update after  Success : 2, Fail : 2, Threshold : 1.0
CSF.py -  <module> DEBUG - The new edgeFound is only less than the previous edgeFound
inputAlgorithm.py -  updateResult DEBUG - copy new crash file to total crash folder
inputAlgorithm.py -  updateResult DEBUG - copy new input file to total input folder
inputAlgorithm.py -  updateResult DEBUG - remove out folder
thompson.py -  selectOption DEBUG - First line is nothing. Second line is ASAN.
thompson.py -  selectOption DEBUG - Success: 2, Fail: 2, Prob: [0.68578538]
thompson.py -  selectOption DEBUG - Success: 1, Fail: 1, Prob: [0.77338733]
thompson.py -  selectOption DEBUG - selected option: ASAN
run_afl_test.py -  fuzz DEBUG - run afl fuzzing
run_afl_test.py -  fuzzerResultInfo DEBUG - To obtain the fuzzing result information
run_afl_test.py -  fuzz DEBUG - calculate edgeFound_new percent :10.7227208314
CSF.py -  <module> DEBUG - Selected option: ASAN
CSF.py -  <module> DEBUG - Update before Success : 1, Fail : 1, Threshold : 1.0
thompson.py -  updateOptionPosterior DEBUG - Update option function - Fail
CSF.py -  <module> DEBUG - Update after  Success : 1, Fail : 2, Threshold : 0.5
inputAlgorithm.py -  updateResult DEBUG - copy new crash file to total crash folder
inputAlgorithm.py -  updateResult DEBUG - copy new input file to total input folder
inputAlgorithm.py -  updateResult DEBUG - remove out folder
thompson.py -  selectOption DEBUG - First line is nothing. Second line is ASAN.
thompson.py -  selectOption DEBUG - Success: 2, Fail: 2, Prob: [0.76975684]
thompson.py -  selectOption DEBUG - Success: 1, Fail: 2, Prob: [0.54237862]
thompson.py -  selectOption DEBUG - selected option: nothing
run_afl_test.py -  fuzz DEBUG - run afl fuzzing
run_afl_test.py -  fuzzerResultInfo DEBUG - To obtain the fuzzing result information
run_afl_test.py -  fuzz DEBUG - calculate edgeFound_new percent :21.7520049352
CSF.py -  <module> DEBUG - Selected option: nothing
CSF.py -  <module> DEBUG - Update before Success : 2, Fail : 2, Threshold : 0.5
thompson.py -  updateOptionPosterior DEBUG - Update option function - Success
CSF.py -  <module> DEBUG - Update after  Success : 3, Fail : 2, Threshold : 1.5
CSF.py -  <module> DEBUG - The new edgeFound is only less than the previous edgeFound
inputAlgorithm.py -  updateResult DEBUG - copy new crash file to total crash folder
inputAlgorithm.py -  updateResult DEBUG - copy new input file to total input folder
inputAlgorithm.py -  updateResult DEBUG - remove out folder
thompson.py -  selectOption DEBUG - First line is nothing. Second line is ASAN.
thompson.py -  selectOption DEBUG - Success: 3, Fail: 2, Prob: [0.78732329]
thompson.py -  selectOption DEBUG - Success: 1, Fail: 2, Prob: [0.86017262]
thompson.py -  selectOption DEBUG - selected option: ASAN
run_afl_test.py -  fuzz DEBUG - run afl fuzzing
run_afl_test.py -  fuzzerResultInfo DEBUG - To obtain the fuzzing result information
run_afl_test.py -  fuzz DEBUG - calculate edgeFound_new percent :0
CSF.py -  <module> DEBUG - Selected option: ASAN
CSF.py -  <module> DEBUG - Update before Success : 1, Fail : 2, Threshold : 1.5
thompson.py -  updateOptionPosterior DEBUG - Update option function - Fail
CSF.py -  <module> DEBUG - Update after  Success : 1, Fail : 3, Threshold : 0.75
inputAlgorithm.py -  updateResult DEBUG - copy new crash file to total crash folder
inputAlgorithm.py -  updateResult DEBUG - copy new input file to total input folder
inputAlgorithm.py -  updateResult DEBUG - remove out folder
thompson.py -  selectOption DEBUG - First line is nothing. Second line is ASAN.
thompson.py -  selectOption DEBUG - Success: 3, Fail: 2, Prob: [0.49132567]
thompson.py -  selectOption DEBUG - Success: 1, Fail: 3, Prob: [0.41769749]
thompson.py -  selectOption DEBUG - selected option: nothing
run_afl_test.py -  fuzz DEBUG - run afl fuzzing
run_afl_test.py -  fuzzerResultInfo DEBUG - To obtain the fuzzing result information
run_afl_test.py -  fuzz DEBUG - calculate edgeFound_new percent :22.0111042566
CSF.py -  <module> DEBUG - Selected option: nothing
CSF.py -  <module> DEBUG - Update before Success : 3, Fail : 2, Threshold : 0.75
thompson.py -  updateOptionPosterior DEBUG - Update option function - Fail
CSF.py -  <module> DEBUG - Update after  Success : 3, Fail : 3, Threshold : 0.375
CSF.py -  <module> DEBUG - The new edgeFound is only less than the previous edgeFound
inputAlgorithm.py -  updateResult DEBUG - copy new crash file to total crash folder
inputAlgorithm.py -  updateResult DEBUG - copy new input file to total input folder
inputAlgorithm.py -  updateResult DEBUG - remove out folder
thompson.py -  selectOption DEBUG - First line is nothing. Second line is ASAN.
thompson.py -  selectOption DEBUG - Success: 3, Fail: 3, Prob: [0.25957866]
thompson.py -  selectOption DEBUG - Success: 1, Fail: 3, Prob: [0.32759374]
thompson.py -  selectOption DEBUG - selected option: ASAN
run_afl_test.py -  fuzz DEBUG - run afl fuzzing
run_afl_test.py -  fuzzerResultInfo DEBUG - To obtain the fuzzing result information
run_afl_test.py -  fuzz DEBUG - calculate edgeFound_new percent :11.4022019549
CSF.py -  <module> DEBUG - Selected option: ASAN
CSF.py -  <module> DEBUG - Update before Success : 1, Fail : 3, Threshold : 0.375
thompson.py -  updateOptionPosterior DEBUG - Update option function - Fail
CSF.py -  <module> DEBUG - Update after  Success : 1, Fail : 4, Threshold : 0.1875
inputAlgorithm.py -  updateResult DEBUG - copy new crash file to total crash folder
inputAlgorithm.py -  updateResult DEBUG - copy new input file to total input folder
inputAlgorithm.py -  updateResult DEBUG - remove out folder
thompson.py -  selectOption DEBUG - First line is nothing. Second line is ASAN.
thompson.py -  selectOption DEBUG - Success: 3, Fail: 3, Prob: [0.30436761]
thompson.py -  selectOption DEBUG - Success: 1, Fail: 4, Prob: [0.43009936]
thompson.py -  selectOption DEBUG - selected option: ASAN
run_afl_test.py -  fuzz DEBUG - run afl fuzzing
run_afl_test.py -  fuzzerResultInfo DEBUG - To obtain the fuzzing result information
run_afl_test.py -  fuzz DEBUG - calculate edgeFound_new percent :0
CSF.py -  <module> DEBUG - Selected option: ASAN
CSF.py -  <module> DEBUG - Update before Success : 1, Fail : 4, Threshold : 0.1875
thompson.py -  updateOptionPosterior DEBUG - Update option function - Fail
CSF.py -  <module> DEBUG - Update after  Success : 1, Fail : 5, Threshold : 0.09375
inputAlgorithm.py -  updateResult DEBUG - copy new crash file to total crash folder
inputAlgorithm.py -  updateResult DEBUG - copy new input file to total input folder
inputAlgorithm.py -  updateResult DEBUG - remove out folder
thompson.py -  selectOption DEBUG - First line is nothing. Second line is ASAN.
thompson.py -  selectOption DEBUG - Success: 3, Fail: 3, Prob: [0.48949287]
thompson.py -  selectOption DEBUG - Success: 1, Fail: 5, Prob: [0.07660396]
thompson.py -  selectOption DEBUG - selected option: nothing
run_afl_test.py -  fuzz DEBUG - run afl fuzzing
run_afl_test.py -  fuzzerResultInfo DEBUG - To obtain the fuzzing result information
run_afl_test.py -  fuzz DEBUG - calculate edgeFound_new percent :21.7643429981
CSF.py -  <module> DEBUG - Selected option: nothing
CSF.py -  <module> DEBUG - Update before Success : 3, Fail : 3, Threshold : 0.09375
thompson.py -  updateOptionPosterior DEBUG - Update option function - Fail
CSF.py -  <module> DEBUG - Update after  Success : 3, Fail : 4, Threshold : 0.046875
inputAlgorithm.py -  updateResult DEBUG - copy new crash file to total crash folder
inputAlgorithm.py -  updateResult DEBUG - copy new input file to total input folder
inputAlgorithm.py -  updateResult DEBUG - remove out folder
thompson.py -  selectOption DEBUG - First line is nothing. Second line is ASAN.
thompson.py -  selectOption DEBUG - Success: 3, Fail: 4, Prob: [0.20576391]
thompson.py -  selectOption DEBUG - Success: 1, Fail: 5, Prob: [0.15448353]
thompson.py -  selectOption DEBUG - selected option: nothing
run_afl_test.py -  fuzz DEBUG - run afl fuzzing
run_afl_test.py -  fuzzerResultInfo DEBUG - To obtain the fuzzing result information
run_afl_test.py -  fuzz DEBUG - calculate edgeFound_new percent :22.3318938927
CSF.py -  <module> DEBUG - Selected option: nothing
CSF.py -  <module> DEBUG - Update before Success : 3, Fail : 4, Threshold : 0.046875
thompson.py -  updateOptionPosterior DEBUG - Update option function - Success
CSF.py -  <module> DEBUG - Update after  Success : 4, Fail : 4, Threshold : 1.046875
CSF.py -  <module> DEBUG - The new edgeFound is only less than the previous edgeFound
inputAlgorithm.py -  updateResult DEBUG - copy new crash file to total crash folder
inputAlgorithm.py -  updateResult DEBUG - copy new input file to total input folder
inputAlgorithm.py -  updateResult DEBUG - remove out folder
thompson.py -  selectOption DEBUG - First line is nothing. Second line is ASAN.
thompson.py -  selectOption DEBUG - Success: 4, Fail: 4, Prob: [0.32250859]
thompson.py -  selectOption DEBUG - Success: 1, Fail: 5, Prob: [0.29842994]
thompson.py -  selectOption DEBUG - selected option: nothing
run_afl_test.py -  fuzz DEBUG - run afl fuzzing
run_afl_test.py -  fuzzerResultInfo DEBUG - To obtain the fuzzing result information
run_afl_test.py -  fuzz DEBUG - calculate edgeFound_new percent :22.3072177668
CSF.py -  <module> DEBUG - Selected option: nothing
CSF.py -  <module> DEBUG - Update before Success : 4, Fail : 4, Threshold : 1.046875
thompson.py -  updateOptionPosterior DEBUG - Update option function - Fail
CSF.py -  <module> DEBUG - Update after  Success : 4, Fail : 5, Threshold : 0.5234375
inputAlgorithm.py -  updateResult DEBUG - copy new crash file to total crash folder
inputAlgorithm.py -  updateResult DEBUG - copy new input file to total input folder
inputAlgorithm.py -  updateResult DEBUG - remove out folder
thompson.py -  selectOption DEBUG - First line is nothing. Second line is ASAN.
thompson.py -  selectOption DEBUG - Success: 4, Fail: 5, Prob: [0.58390122]
thompson.py -  selectOption DEBUG - Success: 1, Fail: 5, Prob: [0.0443983]
thompson.py -  selectOption DEBUG - selected option: nothing
run_afl_test.py -  fuzz DEBUG - run afl fuzzing
run_afl_test.py -  fuzzerResultInfo DEBUG - To obtain the fuzzing result information
run_afl_test.py -  fuzz DEBUG - calculate edgeFound_new percent :22.10980876
CSF.py -  <module> DEBUG - Selected option: nothing
CSF.py -  <module> DEBUG - Update before Success : 4, Fail : 5, Threshold : 0.5234375
thompson.py -  updateOptionPosterior DEBUG - Update option function - Fail
CSF.py -  <module> DEBUG - Update after  Success : 4, Fail : 6, Threshold : 0.26171875
inputAlgorithm.py -  updateResult DEBUG - copy new crash file to total crash folder
inputAlgorithm.py -  updateResult DEBUG - copy new input file to total input folder
inputAlgorithm.py -  updateResult DEBUG - remove out folder
thompson.py -  selectOption DEBUG - First line is nothing. Second line is ASAN.
thompson.py -  selectOption DEBUG - Success: 4, Fail: 6, Prob: [0.31047522]
thompson.py -  selectOption DEBUG - Success: 1, Fail: 5, Prob: [0.45292056]
thompson.py -  selectOption DEBUG - selected option: ASAN
run_afl_test.py -  fuzz DEBUG - run afl fuzzing
run_afl_test.py -  fuzzerResultInfo DEBUG - To obtain the fuzzing result information
run_afl_test.py -  fuzz DEBUG - calculate edgeFound_new percent :11.3367973547
CSF.py -  <module> DEBUG - Selected option: ASAN
CSF.py -  <module> DEBUG - Update before Success : 1, Fail : 5, Threshold : 0.26171875
thompson.py -  updateOptionPosterior DEBUG - Update option function - Fail
CSF.py -  <module> DEBUG - Update after  Success : 1, Fail : 6, Threshold : 0.130859375
inputAlgorithm.py -  updateResult DEBUG - copy new crash file to total crash folder
inputAlgorithm.py -  updateResult DEBUG - copy new input file to total input folder
inputAlgorithm.py -  updateResult DEBUG - remove out folder
thompson.py -  selectOption DEBUG - First line is nothing. Second line is ASAN.
thompson.py -  selectOption DEBUG - Success: 4, Fail: 6, Prob: [0.42147949]
thompson.py -  selectOption DEBUG - Success: 1, Fail: 6, Prob: [0.06000608]
thompson.py -  selectOption DEBUG - selected option: nothing
run_afl_test.py -  fuzz DEBUG - run afl fuzzing
run_afl_test.py -  fuzzerResultInfo DEBUG - To obtain the fuzzing result information
run_afl_test.py -  fuzz DEBUG - calculate edgeFound_new percent :22.10980876
CSF.py -  <module> DEBUG - Selected option: nothing
CSF.py -  <module> DEBUG - Update before Success : 4, Fail : 6, Threshold : 0.130859375
thompson.py -  updateOptionPosterior DEBUG - Update option function - Fail
CSF.py -  <module> DEBUG - Update after  Success : 4, Fail : 7, Threshold : 0.0654296875
inputAlgorithm.py -  updateResult DEBUG - copy new crash file to total crash folder
inputAlgorithm.py -  updateResult DEBUG - copy new input file to total input folder
inputAlgorithm.py -  updateResult DEBUG - remove out folder
thompson.py -  selectOption DEBUG - First line is nothing. Second line is ASAN.
thompson.py -  selectOption DEBUG - Success: 4, Fail: 7, Prob: [0.65023835]
thompson.py -  selectOption DEBUG - Success: 1, Fail: 6, Prob: [0.13257188]
thompson.py -  selectOption DEBUG - selected option: nothing
run_afl_test.py -  fuzz DEBUG - run afl fuzzing
run_afl_test.py -  fuzzerResultInfo DEBUG - To obtain the fuzzing result information
run_afl_test.py -  fuzz DEBUG - calculate edgeFound_new percent :22.1468229488
CSF.py -  <module> DEBUG - Selected option: nothing
CSF.py -  <module> DEBUG - Update before Success : 4, Fail : 7, Threshold : 0.0654296875
thompson.py -  updateOptionPosterior DEBUG - Update option function - Fail
CSF.py -  <module> DEBUG - Update after  Success : 4, Fail : 8, Threshold : 0.03271484375
inputAlgorithm.py -  updateResult DEBUG - copy new crash file to total crash folder
inputAlgorithm.py -  updateResult DEBUG - copy new input file to total input folder
inputAlgorithm.py -  updateResult DEBUG - remove out folder
thompson.py -  selectOption DEBUG - First line is nothing. Second line is ASAN.
thompson.py -  selectOption DEBUG - Success: 4, Fail: 8, Prob: [0.31459171]
thompson.py -  selectOption DEBUG - Success: 1, Fail: 6, Prob: [0.17524552]
thompson.py -  selectOption DEBUG - selected option: nothing
run_afl_test.py -  fuzz DEBUG - run afl fuzzing
run_afl_test.py -  fuzzerResultInfo DEBUG - To obtain the fuzzing result information
run_afl_test.py -  fuzz DEBUG - calculate edgeFound_new percent :22.2208513263
CSF.py -  <module> DEBUG - Selected option: nothing
CSF.py -  <module> DEBUG - Update before Success : 4, Fail : 8, Threshold : 0.03271484375
thompson.py -  updateOptionPosterior DEBUG - Update option function - Fail
CSF.py -  <module> DEBUG - Update after  Success : 4, Fail : 9, Threshold : 0.016357421875
inputAlgorithm.py -  updateResult DEBUG - copy new crash file to total crash folder
inputAlgorithm.py -  updateResult DEBUG - copy new input file to total input folder
inputAlgorithm.py -  updateResult DEBUG - remove out folder
thompson.py -  selectOption DEBUG - First line is nothing. Second line is ASAN.
thompson.py -  selectOption DEBUG - Success: 4, Fail: 9, Prob: [0.31142783]
thompson.py -  selectOption DEBUG - Success: 1, Fail: 6, Prob: [0.09355365]
thompson.py -  selectOption DEBUG - selected option: nothing
run_afl_test.py -  fuzz DEBUG - run afl fuzzing
run_afl_test.py -  fuzzerResultInfo DEBUG - To obtain the fuzzing result information
run_afl_test.py -  fuzz DEBUG - calculate edgeFound_new percent :22.0234423196
CSF.py -  <module> DEBUG - Selected option: nothing
CSF.py -  <module> DEBUG - Update before Success : 4, Fail : 9, Threshold : 0.016357421875
thompson.py -  updateOptionPosterior DEBUG - Update option function - Fail
CSF.py -  <module> DEBUG - Update after  Success : 4, Fail : 10, Threshold : 0.0081787109375
inputAlgorithm.py -  updateResult DEBUG - copy new crash file to total crash folder
inputAlgorithm.py -  updateResult DEBUG - copy new input file to total input folder
inputAlgorithm.py -  updateResult DEBUG - remove out folder
thompson.py -  selectOption DEBUG - First line is nothing. Second line is ASAN.
thompson.py -  selectOption DEBUG - Success: 4, Fail: 10, Prob: [0.40325]
thompson.py -  selectOption DEBUG - Success: 1, Fail: 6, Prob: [0.08540722]
thompson.py -  selectOption DEBUG - selected option: nothing
run_afl_test.py -  fuzz DEBUG - run afl fuzzing
run_afl_test.py -  fuzzerResultInfo DEBUG - To obtain the fuzzing result information
run_afl_test.py -  fuzz DEBUG - calculate edgeFound_new percent :22.0357803825
CSF.py -  <module> DEBUG - Selected option: nothing
CSF.py -  <module> DEBUG - Update before Success : 4, Fail : 10, Threshold : 0.0081787109375
thompson.py -  updateOptionPosterior DEBUG - Update option function - Fail
CSF.py -  <module> DEBUG - Update after  Success : 4, Fail : 11, Threshold : 0.00408935546875
inputAlgorithm.py -  updateResult DEBUG - copy new crash file to total crash folder
inputAlgorithm.py -  updateResult DEBUG - copy new input file to total input folder
inputAlgorithm.py -  updateResult DEBUG - remove out folder
thompson.py -  selectOption DEBUG - First line is nothing. Second line is ASAN.
thompson.py -  selectOption DEBUG - Success: 4, Fail: 11, Prob: [0.43385251]
thompson.py -  selectOption DEBUG - Success: 1, Fail: 6, Prob: [0.03526448]
thompson.py -  selectOption DEBUG - selected option: nothing
run_afl_test.py -  fuzz DEBUG - run afl fuzzing
run_afl_test.py -  fuzzerResultInfo DEBUG - To obtain the fuzzing result information
run_afl_test.py -  fuzz DEBUG - calculate edgeFound_new percent :22.0357803825
CSF.py -  <module> DEBUG - Selected option: nothing
CSF.py -  <module> DEBUG - Update before Success : 4, Fail : 11, Threshold : 0.00408935546875
thompson.py -  updateOptionPosterior DEBUG - Update option function - Fail
CSF.py -  <module> DEBUG - Update after  Success : 4, Fail : 12, Threshold : 0.00204467773438
inputAlgorithm.py -  updateResult DEBUG - copy new crash file to total crash folder
inputAlgorithm.py -  updateResult DEBUG - copy new input file to total input folder
inputAlgorithm.py -  updateResult DEBUG - remove out folder
thompson.py -  selectOption DEBUG - First line is nothing. Second line is ASAN.
thompson.py -  selectOption DEBUG - Success: 4, Fail: 12, Prob: [0.19485979]
thompson.py -  selectOption DEBUG - Success: 1, Fail: 6, Prob: [0.06439155]
thompson.py -  selectOption DEBUG - selected option: nothing
run_afl_test.py -  fuzz DEBUG - run afl fuzzing
run_afl_test.py -  fuzzerResultInfo DEBUG - To obtain the fuzzing result information
run_afl_test.py -  fuzz DEBUG - calculate edgeFound_new percent :21.9987661937
CSF.py -  <module> DEBUG - Selected option: nothing
CSF.py -  <module> DEBUG - Update before Success : 4, Fail : 12, Threshold : 0.00204467773438
thompson.py -  updateOptionPosterior DEBUG - Update option function - Fail
CSF.py -  <module> DEBUG - Update after  Success : 4, Fail : 13, Threshold : 0.00102233886719
inputAlgorithm.py -  updateResult DEBUG - copy new crash file to total crash folder
inputAlgorithm.py -  updateResult DEBUG - copy new input file to total input folder
inputAlgorithm.py -  updateResult DEBUG - remove out folder
thompson.py -  selectOption DEBUG - First line is nothing. Second line is ASAN.
thompson.py -  selectOption DEBUG - Success: 4, Fail: 13, Prob: [0.14550589]
thompson.py -  selectOption DEBUG - Success: 1, Fail: 6, Prob: [0.06528743]
thompson.py -  selectOption DEBUG - selected option: nothing
run_afl_test.py -  fuzz DEBUG - run afl fuzzing
run_afl_test.py -  fuzzerResultInfo DEBUG - To obtain the fuzzing result information
run_afl_test.py -  fuzz DEBUG - calculate edgeFound_new percent :22.10980876
CSF.py -  <module> DEBUG - Selected option: nothing
CSF.py -  <module> DEBUG - Update before Success : 4, Fail : 13, Threshold : 0.00102233886719
thompson.py -  updateOptionPosterior DEBUG - Update option function - Fail
CSF.py -  <module> DEBUG - Update after  Success : 4, Fail : 14, Threshold : 0.000511169433594
inputAlgorithm.py -  updateResult DEBUG - copy new crash file to total crash folder
inputAlgorithm.py -  updateResult DEBUG - copy new input file to total input folder
inputAlgorithm.py -  updateResult DEBUG - remove out folder
thompson.py -  selectOption DEBUG - First line is nothing. Second line is ASAN.
thompson.py -  selectOption DEBUG - Success: 4, Fail: 14, Prob: [0.26630355]
thompson.py -  selectOption DEBUG - Success: 1, Fail: 6, Prob: [0.01538665]
thompson.py -  selectOption DEBUG - selected option: nothing
run_afl_test.py -  fuzz DEBUG - run afl fuzzing
run_afl_test.py -  fuzzerResultInfo DEBUG - To obtain the fuzzing result information
run_afl_test.py -  fuzz DEBUG - calculate edgeFound_new percent :21.9000616903
CSF.py -  <module> DEBUG - Selected option: nothing
CSF.py -  <module> DEBUG - Update before Success : 4, Fail : 14, Threshold : 0.000511169433594
thompson.py -  updateOptionPosterior DEBUG - Update option function - Fail
CSF.py -  <module> DEBUG - Update after  Success : 4, Fail : 15, Threshold : 0.000255584716797
inputAlgorithm.py -  updateResult DEBUG - copy new crash file to total crash folder
inputAlgorithm.py -  updateResult DEBUG - copy new input file to total input folder
inputAlgorithm.py -  updateResult DEBUG - remove out folder
thompson.py -  selectOption DEBUG - First line is nothing. Second line is ASAN.
thompson.py -  selectOption DEBUG - Success: 4, Fail: 15, Prob: [0.16597874]
thompson.py -  selectOption DEBUG - Success: 1, Fail: 6, Prob: [0.30133011]
thompson.py -  selectOption DEBUG - selected option: ASAN
run_afl_test.py -  fuzz DEBUG - run afl fuzzing
run_afl_test.py -  fuzzerResultInfo DEBUG - To obtain the fuzzing result information
run_afl_test.py -  fuzz DEBUG - calculate edgeFound_new percent :11.3149958214
CSF.py -  <module> DEBUG - Selected option: ASAN
CSF.py -  <module> DEBUG - Update before Success : 1, Fail : 6, Threshold : 0.000255584716797
thompson.py -  updateOptionPosterior DEBUG - Update option function - Fail
CSF.py -  <module> DEBUG - Update after  Success : 1, Fail : 7, Threshold : 0.000127792358398
inputAlgorithm.py -  updateResult DEBUG - copy new crash file to total crash folder
inputAlgorithm.py -  updateResult DEBUG - copy new input file to total input folder
inputAlgorithm.py -  updateResult DEBUG - remove out folder
thompson.py -  selectOption DEBUG - First line is nothing. Second line is ASAN.
thompson.py -  selectOption DEBUG - Success: 4, Fail: 15, Prob: [0.32842053]
thompson.py -  selectOption DEBUG - Success: 1, Fail: 7, Prob: [0.02802885]
thompson.py -  selectOption DEBUG - selected option: nothing
run_afl_test.py -  fuzz DEBUG - run afl fuzzing
run_afl_test.py -  fuzzerResultInfo DEBUG - To obtain the fuzzing result information
run_afl_test.py -  fuzz DEBUG - calculate edgeFound_new percent :22.1961752005
CSF.py -  <module> DEBUG - Selected option: nothing
CSF.py -  <module> DEBUG - Update before Success : 4, Fail : 15, Threshold : 0.000127792358398
thompson.py -  updateOptionPosterior DEBUG - Update option function - Fail
CSF.py -  <module> DEBUG - Update after  Success : 4, Fail : 16, Threshold : 6.38961791992e-05
inputAlgorithm.py -  updateResult DEBUG - copy new crash file to total crash folder
inputAlgorithm.py -  updateResult DEBUG - copy new input file to total input folder
inputAlgorithm.py -  updateResult DEBUG - remove out folder
thompson.py -  selectOption DEBUG - First line is nothing. Second line is ASAN.
thompson.py -  selectOption DEBUG - Success: 4, Fail: 16, Prob: [0.37043869]
thompson.py -  selectOption DEBUG - Success: 1, Fail: 7, Prob: [0.07866118]
thompson.py -  selectOption DEBUG - selected option: nothing
run_afl_test.py -  fuzz DEBUG - run afl fuzzing
run_afl_test.py -  fuzzerResultInfo DEBUG - To obtain the fuzzing result information
run_afl_test.py -  fuzz DEBUG - calculate edgeFound_new percent :22.3442319556
CSF.py -  <module> DEBUG - Selected option: nothing
CSF.py -  <module> DEBUG - Update before Success : 4, Fail : 16, Threshold : 6.38961791992e-05
thompson.py -  updateOptionPosterior DEBUG - Update option function - Success
CSF.py -  <module> DEBUG - Update after  Success : 5, Fail : 16, Threshold : 1.00006389618
CSF.py -  <module> DEBUG - The new edgeFound is only less than the previous edgeFound
inputAlgorithm.py -  updateResult DEBUG - copy new crash file to total crash folder
inputAlgorithm.py -  updateResult DEBUG - copy new input file to total input folder
inputAlgorithm.py -  updateResult DEBUG - remove out folder
thompson.py -  selectOption DEBUG - First line is nothing. Second line is ASAN.
thompson.py -  selectOption DEBUG - Success: 5, Fail: 16, Prob: [0.19899271]
thompson.py -  selectOption DEBUG - Success: 1, Fail: 7, Prob: [0.03930254]
thompson.py -  selectOption DEBUG - selected option: nothing
run_afl_test.py -  fuzz DEBUG - run afl fuzzing
run_afl_test.py -  fuzzerResultInfo DEBUG - To obtain the fuzzing result information
run_afl_test.py -  fuzz DEBUG - calculate edgeFound_new percent :22.3195558297
CSF.py -  <module> DEBUG - Selected option: nothing
CSF.py -  <module> DEBUG - Update before Success : 5, Fail : 16, Threshold : 1.00006389618
thompson.py -  updateOptionPosterior DEBUG - Update option function - Fail
CSF.py -  <module> DEBUG - Update after  Success : 5, Fail : 17, Threshold : 0.50003194809
inputAlgorithm.py -  updateResult DEBUG - copy new crash file to total crash folder
inputAlgorithm.py -  updateResult DEBUG - copy new input file to total input folder
inputAlgorithm.py -  updateResult DEBUG - remove out folder
thompson.py -  selectOption DEBUG - First line is nothing. Second line is ASAN.
thompson.py -  selectOption DEBUG - Success: 5, Fail: 17, Prob: [0.16213052]
thompson.py -  selectOption DEBUG - Success: 1, Fail: 7, Prob: [0.03743328]
thompson.py -  selectOption DEBUG - selected option: nothing
run_afl_test.py -  fuzz DEBUG - run afl fuzzing
run_afl_test.py -  fuzzerResultInfo DEBUG - To obtain the fuzzing result information
run_afl_test.py -  fuzz DEBUG - calculate edgeFound_new percent :22.3935842073
CSF.py -  <module> DEBUG - Selected option: nothing
CSF.py -  <module> DEBUG - Update before Success : 5, Fail : 17, Threshold : 0.50003194809
thompson.py -  updateOptionPosterior DEBUG - Update option function - Fail
CSF.py -  <module> DEBUG - Update after  Success : 5, Fail : 18, Threshold : 0.250015974045
CSF.py -  <module> DEBUG - The new edgeFound is only less than the previous edgeFound
inputAlgorithm.py -  updateResult DEBUG - copy new crash file to total crash folder
inputAlgorithm.py -  updateResult DEBUG - copy new input file to total input folder
inputAlgorithm.py -  updateResult DEBUG - remove out folder
thompson.py -  selectOption DEBUG - First line is nothing. Second line is ASAN.
thompson.py -  selectOption DEBUG - Success: 5, Fail: 18, Prob: [0.21322043]
thompson.py -  selectOption DEBUG - Success: 1, Fail: 7, Prob: [0.18081038]
thompson.py -  selectOption DEBUG - selected option: nothing
run_afl_test.py -  fuzz DEBUG - run afl fuzzing
run_afl_test.py -  fuzzerResultInfo DEBUG - To obtain the fuzzing result information
run_afl_test.py -  fuzz DEBUG - calculate edgeFound_new percent :22.1468229488
CSF.py -  <module> DEBUG - Selected option: nothing
CSF.py -  <module> DEBUG - Update before Success : 5, Fail : 18, Threshold : 0.250015974045
thompson.py -  updateOptionPosterior DEBUG - Update option function - Fail
CSF.py -  <module> DEBUG - Update after  Success : 5, Fail : 19, Threshold : 0.125007987022
inputAlgorithm.py -  updateResult DEBUG - copy new crash file to total crash folder
inputAlgorithm.py -  updateResult DEBUG - copy new input file to total input folder
inputAlgorithm.py -  updateResult DEBUG - remove out folder
thompson.py -  selectOption DEBUG - First line is nothing. Second line is ASAN.
thompson.py -  selectOption DEBUG - Success: 5, Fail: 19, Prob: [0.23283719]
thompson.py -  selectOption DEBUG - Success: 1, Fail: 7, Prob: [0.11065193]
thompson.py -  selectOption DEBUG - selected option: nothing
run_afl_test.py -  fuzz DEBUG - run afl fuzzing
run_afl_test.py -  fuzzerResultInfo DEBUG - To obtain the fuzzing result information
run_afl_test.py -  fuzz DEBUG - calculate edgeFound_new percent :21.9247378162
CSF.py -  <module> DEBUG - Selected option: nothing
CSF.py -  <module> DEBUG - Update before Success : 5, Fail : 19, Threshold : 0.125007987022
thompson.py -  updateOptionPosterior DEBUG - Update option function - Fail
CSF.py -  <module> DEBUG - Update after  Success : 5, Fail : 20, Threshold : 0.0625039935112
inputAlgorithm.py -  updateResult DEBUG - copy new crash file to total crash folder
inputAlgorithm.py -  updateResult DEBUG - copy new input file to total input folder
inputAlgorithm.py -  updateResult DEBUG - remove out folder
thompson.py -  selectOption DEBUG - First line is nothing. Second line is ASAN.
thompson.py -  selectOption DEBUG - Success: 5, Fail: 20, Prob: [0.0819769]
thompson.py -  selectOption DEBUG - Success: 1, Fail: 7, Prob: [0.00846685]
thompson.py -  selectOption DEBUG - selected option: nothing
run_afl_test.py -  fuzz DEBUG - run afl fuzzing
run_afl_test.py -  fuzzerResultInfo DEBUG - To obtain the fuzzing result information
run_afl_test.py -  fuzz DEBUG - calculate edgeFound_new percent :22.2331893893
CSF.py -  <module> DEBUG - Selected option: nothing
CSF.py -  <module> DEBUG - Update before Success : 5, Fail : 20, Threshold : 0.0625039935112
thompson.py -  updateOptionPosterior DEBUG - Update option function - Fail
CSF.py -  <module> DEBUG - Update after  Success : 5, Fail : 21, Threshold : 0.0312519967556
inputAlgorithm.py -  updateResult DEBUG - copy new crash file to total crash folder
inputAlgorithm.py -  updateResult DEBUG - copy new input file to total input folder
inputAlgorithm.py -  updateResult DEBUG - remove out folder
thompson.py -  selectOption DEBUG - First line is nothing. Second line is ASAN.
thompson.py -  selectOption DEBUG - Success: 5, Fail: 21, Prob: [0.26894961]
thompson.py -  selectOption DEBUG - Success: 1, Fail: 7, Prob: [0.14485365]
thompson.py -  selectOption DEBUG - selected option: nothing
run_afl_test.py -  fuzz DEBUG - run afl fuzzing
run_afl_test.py -  fuzzerResultInfo DEBUG - To obtain the fuzzing result information
run_afl_test.py -  fuzz DEBUG - calculate edgeFound_new percent :22.0727945713
CSF.py -  <module> DEBUG - Selected option: nothing
CSF.py -  <module> DEBUG - Update before Success : 5, Fail : 21, Threshold : 0.0312519967556
thompson.py -  updateOptionPosterior DEBUG - Update option function - Fail
CSF.py -  <module> DEBUG - Update after  Success : 5, Fail : 22, Threshold : 0.0156259983778
inputAlgorithm.py -  updateResult DEBUG - copy new crash file to total crash folder
inputAlgorithm.py -  updateResult DEBUG - copy new input file to total input folder
inputAlgorithm.py -  updateResult DEBUG - remove out folder
thompson.py -  selectOption DEBUG - First line is nothing. Second line is ASAN.
thompson.py -  selectOption DEBUG - Success: 5, Fail: 22, Prob: [0.23921505]
thompson.py -  selectOption DEBUG - Success: 1, Fail: 7, Prob: [0.09328072]
thompson.py -  selectOption DEBUG - selected option: nothing
run_afl_test.py -  fuzz DEBUG - run afl fuzzing
run_afl_test.py -  fuzzerResultInfo DEBUG - To obtain the fuzzing result information
run_afl_test.py -  fuzz DEBUG - calculate edgeFound_new percent :22.1468229488
CSF.py -  <module> DEBUG - Selected option: nothing
CSF.py -  <module> DEBUG - Update before Success : 5, Fail : 22, Threshold : 0.0156259983778
thompson.py -  updateOptionPosterior DEBUG - Update option function - Fail
CSF.py -  <module> DEBUG - Update after  Success : 5, Fail : 23, Threshold : 0.0078129991889
inputAlgorithm.py -  updateResult DEBUG - copy new crash file to total crash folder
inputAlgorithm.py -  updateResult DEBUG - copy new input file to total input folder
inputAlgorithm.py -  updateResult DEBUG - remove out folder
thompson.py -  selectOption DEBUG - First line is nothing. Second line is ASAN.
thompson.py -  selectOption DEBUG - Success: 5, Fail: 23, Prob: [0.06622252]
thompson.py -  selectOption DEBUG - Success: 1, Fail: 7, Prob: [0.13926227]
thompson.py -  selectOption DEBUG - selected option: ASAN
run_afl_test.py -  fuzz DEBUG - run afl fuzzing
run_afl_test.py -  fuzzerResultInfo DEBUG - To obtain the fuzzing result information
run_afl_test.py -  fuzz DEBUG - calculate edgeFound_new percent :11.3222629992
CSF.py -  <module> DEBUG - Selected option: ASAN
CSF.py -  <module> DEBUG - Update before Success : 1, Fail : 7, Threshold : 0.0078129991889
thompson.py -  updateOptionPosterior DEBUG - Update option function - Fail
CSF.py -  <module> DEBUG - Update after  Success : 1, Fail : 8, Threshold : 0.00390649959445
inputAlgorithm.py -  updateResult DEBUG - copy new crash file to total crash folder
inputAlgorithm.py -  updateResult DEBUG - copy new input file to total input folder
inputAlgorithm.py -  updateResult DEBUG - remove out folder
thompson.py -  selectOption DEBUG - First line is nothing. Second line is ASAN.
thompson.py -  selectOption DEBUG - Success: 5, Fail: 23, Prob: [0.12266538]
thompson.py -  selectOption DEBUG - Success: 1, Fail: 8, Prob: [0.02532476]
thompson.py -  selectOption DEBUG - selected option: nothing
run_afl_test.py -  fuzz DEBUG - run afl fuzzing
run_afl_test.py -  fuzzerResultInfo DEBUG - To obtain the fuzzing result information
run_afl_test.py -  fuzz DEBUG - calculate edgeFound_new percent :22.1344848859
CSF.py -  <module> DEBUG - Selected option: nothing
CSF.py -  <module> DEBUG - Update before Success : 5, Fail : 23, Threshold : 0.00390649959445
thompson.py -  updateOptionPosterior DEBUG - Update option function - Fail
CSF.py -  <module> DEBUG - Update after  Success : 5, Fail : 24, Threshold : 0.00195324979722
inputAlgorithm.py -  updateResult DEBUG - copy new crash file to total crash folder
inputAlgorithm.py -  updateResult DEBUG - copy new input file to total input folder
inputAlgorithm.py -  updateResult DEBUG - remove out folder
thompson.py -  selectOption DEBUG - First line is nothing. Second line is ASAN.
thompson.py -  selectOption DEBUG - Success: 5, Fail: 24, Prob: [0.23834641]
thompson.py -  selectOption DEBUG - Success: 1, Fail: 8, Prob: [0.02973084]
thompson.py -  selectOption DEBUG - selected option: nothing
run_afl_test.py -  fuzz DEBUG - run afl fuzzing
run_afl_test.py -  fuzzerResultInfo DEBUG - To obtain the fuzzing result information
run_afl_test.py -  fuzz DEBUG - calculate edgeFound_new percent :22.3318938927
CSF.py -  <module> DEBUG - Selected option: nothing
CSF.py -  <module> DEBUG - Update before Success : 5, Fail : 24, Threshold : 0.00195324979722
thompson.py -  updateOptionPosterior DEBUG - Update option function - Fail
CSF.py -  <module> DEBUG - Update after  Success : 5, Fail : 25, Threshold : 0.000976624898612
inputAlgorithm.py -  updateResult DEBUG - copy new crash file to total crash folder
inputAlgorithm.py -  updateResult DEBUG - copy new input file to total input folder
inputAlgorithm.py -  updateResult DEBUG - remove out folder
thompson.py -  selectOption DEBUG - First line is nothing. Second line is ASAN.
thompson.py -  selectOption DEBUG - Success: 5, Fail: 25, Prob: [0.13675528]
thompson.py -  selectOption DEBUG - Success: 1, Fail: 8, Prob: [0.20408675]
thompson.py -  selectOption DEBUG - selected option: ASAN
run_afl_test.py -  fuzz DEBUG - run afl fuzzing
run_afl_test.py -  fuzzerResultInfo DEBUG - To obtain the fuzzing result information
run_afl_test.py -  fuzz DEBUG - calculate edgeFound_new percent :11.3513317103
CSF.py -  <module> DEBUG - Selected option: ASAN
CSF.py -  <module> DEBUG - Update before Success : 1, Fail : 8, Threshold : 0.000976624898612
thompson.py -  updateOptionPosterior DEBUG - Update option function - Fail
CSF.py -  <module> DEBUG - Update after  Success : 1, Fail : 9, Threshold : 0.000488312449306
inputAlgorithm.py -  updateResult DEBUG - copy new crash file to total crash folder
inputAlgorithm.py -  updateResult DEBUG - copy new input file to total input folder
inputAlgorithm.py -  updateResult DEBUG - remove out folder
thompson.py -  selectOption DEBUG - First line is nothing. Second line is ASAN.
thompson.py -  selectOption DEBUG - Success: 5, Fail: 25, Prob: [0.15717624]
thompson.py -  selectOption DEBUG - Success: 1, Fail: 9, Prob: [0.00151394]
thompson.py -  selectOption DEBUG - selected option: nothing
run_afl_test.py -  fuzz DEBUG - run afl fuzzing
run_afl_test.py -  fuzzerResultInfo DEBUG - To obtain the fuzzing result information
run_afl_test.py -  fuzz DEBUG - calculate edgeFound_new percent :22.2578655151
CSF.py -  <module> DEBUG - Selected option: nothing
CSF.py -  <module> DEBUG - Update before Success : 5, Fail : 25, Threshold : 0.000488312449306
thompson.py -  updateOptionPosterior DEBUG - Update option function - Fail
CSF.py -  <module> DEBUG - Update after  Success : 5, Fail : 26, Threshold : 0.000244156224653
inputAlgorithm.py -  updateResult DEBUG - copy new crash file to total crash folder
inputAlgorithm.py -  updateResult DEBUG - copy new input file to total input folder
inputAlgorithm.py -  updateResult DEBUG - remove out folder
thompson.py -  selectOption DEBUG - First line is nothing. Second line is ASAN.
thompson.py -  selectOption DEBUG - Success: 5, Fail: 26, Prob: [0.23338655]
thompson.py -  selectOption DEBUG - Success: 1, Fail: 9, Prob: [0.0131442]
thompson.py -  selectOption DEBUG - selected option: nothing
run_afl_test.py -  fuzz DEBUG - run afl fuzzing
run_afl_test.py -  fuzzerResultInfo DEBUG - To obtain the fuzzing result information
run_afl_test.py -  fuzz DEBUG - calculate edgeFound_new percent :22.2331893893
CSF.py -  <module> DEBUG - Selected option: nothing
CSF.py -  <module> DEBUG - Update before Success : 5, Fail : 26, Threshold : 0.000244156224653
thompson.py -  updateOptionPosterior DEBUG - Update option function - Fail
CSF.py -  <module> DEBUG - Update after  Success : 5, Fail : 27, Threshold : 0.000122078112327
inputAlgorithm.py -  updateResult DEBUG - copy new crash file to total crash folder
inputAlgorithm.py -  updateResult DEBUG - copy new input file to total input folder
inputAlgorithm.py -  updateResult DEBUG - remove out folder
thompson.py -  selectOption DEBUG - First line is nothing. Second line is ASAN.
thompson.py -  selectOption DEBUG - Success: 5, Fail: 27, Prob: [0.14963639]
thompson.py -  selectOption DEBUG - Success: 1, Fail: 9, Prob: [0.18631053]
thompson.py -  selectOption DEBUG - selected option: ASAN
run_afl_test.py -  fuzz DEBUG - run afl fuzzing
run_afl_test.py -  fuzzerResultInfo DEBUG - To obtain the fuzzing result information
run_afl_test.py -  fuzz DEBUG - calculate edgeFound_new percent :11.3731332437
CSF.py -  <module> DEBUG - Selected option: ASAN
CSF.py -  <module> DEBUG - Update before Success : 1, Fail : 9, Threshold : 0.000122078112327
thompson.py -  updateOptionPosterior DEBUG - Update option function - Fail
CSF.py -  <module> DEBUG - Update after  Success : 1, Fail : 10, Threshold : 6.10390561633e-05
inputAlgorithm.py -  updateResult DEBUG - copy new crash file to total crash folder
inputAlgorithm.py -  updateResult DEBUG - copy new input file to total input folder
inputAlgorithm.py -  updateResult DEBUG - remove out folder
thompson.py -  selectOption DEBUG - First line is nothing. Second line is ASAN.
thompson.py -  selectOption DEBUG - Success: 5, Fail: 27, Prob: [0.24963586]
thompson.py -  selectOption DEBUG - Success: 1, Fail: 10, Prob: [0.02045848]
thompson.py -  selectOption DEBUG - selected option: nothing
run_afl_test.py -  fuzz DEBUG - run afl fuzzing
run_afl_test.py -  fuzzerResultInfo DEBUG - To obtain the fuzzing result information
run_afl_test.py -  fuzz DEBUG - calculate edgeFound_new percent :22.0481184454
CSF.py -  <module> DEBUG - Selected option: nothing
CSF.py -  <module> DEBUG - Update before Success : 5, Fail : 27, Threshold : 6.10390561633e-05
thompson.py -  updateOptionPosterior DEBUG - Update option function - Fail
CSF.py -  <module> DEBUG - Update after  Success : 5, Fail : 28, Threshold : 3.05195280816e-05
inputAlgorithm.py -  updateResult DEBUG - copy new crash file to total crash folder
inputAlgorithm.py -  updateResult DEBUG - copy new input file to total input folder
inputAlgorithm.py -  updateResult DEBUG - remove out folder
thompson.py -  selectOption DEBUG - First line is nothing. Second line is ASAN.
thompson.py -  selectOption DEBUG - Success: 5, Fail: 28, Prob: [0.170335]
thompson.py -  selectOption DEBUG - Success: 1, Fail: 10, Prob: [0.06577737]
thompson.py -  selectOption DEBUG - selected option: nothing
run_afl_test.py -  fuzz DEBUG - run afl fuzzing
run_afl_test.py -  fuzzerResultInfo DEBUG - To obtain the fuzzing result information
run_afl_test.py -  fuzz DEBUG - calculate edgeFound_new percent :22.3565700185
CSF.py -  <module> DEBUG - Selected option: nothing
CSF.py -  <module> DEBUG - Update before Success : 5, Fail : 28, Threshold : 3.05195280816e-05
thompson.py -  updateOptionPosterior DEBUG - Update option function - Fail
CSF.py -  <module> DEBUG - Update after  Success : 5, Fail : 29, Threshold : 1.52597640408e-05
inputAlgorithm.py -  updateResult DEBUG - copy new crash file to total crash folder
inputAlgorithm.py -  updateResult DEBUG - copy new input file to total input folder
inputAlgorithm.py -  updateResult DEBUG - remove out folder
thompson.py -  selectOption DEBUG - First line is nothing. Second line is ASAN.
thompson.py -  selectOption DEBUG - Success: 5, Fail: 29, Prob: [0.21360318]
thompson.py -  selectOption DEBUG - Success: 1, Fail: 10, Prob: [0.31331833]
thompson.py -  selectOption DEBUG - selected option: ASAN
run_afl_test.py -  fuzz DEBUG - run afl fuzzing
run_afl_test.py -  fuzzerResultInfo DEBUG - To obtain the fuzzing result information
run_afl_test.py -  fuzz DEBUG - calculate edgeFound_new percent :11.4458050216
CSF.py -  <module> DEBUG - Selected option: ASAN
CSF.py -  <module> DEBUG - Update before Success : 1, Fail : 10, Threshold : 1.52597640408e-05
thompson.py -  updateOptionPosterior DEBUG - Update option function - Fail
CSF.py -  <module> DEBUG - Update after  Success : 1, Fail : 11, Threshold : 7.62988202041e-06
inputAlgorithm.py -  updateResult DEBUG - copy new crash file to total crash folder
inputAlgorithm.py -  updateResult DEBUG - copy new input file to total input folder
inputAlgorithm.py -  updateResult DEBUG - remove out folder
thompson.py -  selectOption DEBUG - First line is nothing. Second line is ASAN.
thompson.py -  selectOption DEBUG - Success: 5, Fail: 29, Prob: [0.21008006]
thompson.py -  selectOption DEBUG - Success: 1, Fail: 11, Prob: [0.03345792]
thompson.py -  selectOption DEBUG - selected option: nothing
run_afl_test.py -  fuzz DEBUG - run afl fuzzing
run_afl_test.py -  fuzzerResultInfo DEBUG - To obtain the fuzzing result information
run_afl_test.py -  fuzz DEBUG - calculate edgeFound_new percent :21.9864281308
CSF.py -  <module> DEBUG - Selected option: nothing
CSF.py -  <module> DEBUG - Update before Success : 5, Fail : 29, Threshold : 7.62988202041e-06
thompson.py -  updateOptionPosterior DEBUG - Update option function - Fail
CSF.py -  <module> DEBUG - Update after  Success : 5, Fail : 30, Threshold : 3.81494101021e-06
inputAlgorithm.py -  updateResult DEBUG - copy new crash file to total crash folder
inputAlgorithm.py -  updateResult DEBUG - copy new input file to total input folder
inputAlgorithm.py -  updateResult DEBUG - remove out folder
thompson.py -  selectOption DEBUG - First line is nothing. Second line is ASAN.
thompson.py -  selectOption DEBUG - Success: 5, Fail: 30, Prob: [0.11177434]
thompson.py -  selectOption DEBUG - Success: 1, Fail: 11, Prob: [0.03303736]
thompson.py -  selectOption DEBUG - selected option: nothing
run_afl_test.py -  fuzz DEBUG - run afl fuzzing
run_afl_test.py -  fuzzerResultInfo DEBUG - To obtain the fuzzing result information
run_afl_test.py -  fuzz DEBUG - calculate edgeFound_new percent :22.0604565083
CSF.py -  <module> DEBUG - Selected option: nothing
CSF.py -  <module> DEBUG - Update before Success : 5, Fail : 30, Threshold : 3.81494101021e-06
thompson.py -  updateOptionPosterior DEBUG - Update option function - Fail
CSF.py -  <module> DEBUG - Update after  Success : 5, Fail : 31, Threshold : 1.9074705051e-06
inputAlgorithm.py -  updateResult DEBUG - copy new crash file to total crash folder
inputAlgorithm.py -  updateResult DEBUG - copy new input file to total input folder
inputAlgorithm.py -  updateResult DEBUG - remove out folder
thompson.py -  selectOption DEBUG - First line is nothing. Second line is ASAN.
thompson.py -  selectOption DEBUG - Success: 5, Fail: 31, Prob: [0.20167956]
thompson.py -  selectOption DEBUG - Success: 1, Fail: 11, Prob: [0.04983555]
thompson.py -  selectOption DEBUG - selected option: nothing
run_afl_test.py -  fuzz DEBUG - run afl fuzzing
run_afl_test.py -  fuzzerResultInfo DEBUG - To obtain the fuzzing result information
run_afl_test.py -  fuzz DEBUG - calculate edgeFound_new percent :22.6526835287
CSF.py -  <module> DEBUG - Selected option: nothing
CSF.py -  <module> DEBUG - Update before Success : 5, Fail : 31, Threshold : 1.9074705051e-06
thompson.py -  updateOptionPosterior DEBUG - Update option function - Success
CSF.py -  <module> DEBUG - Update after  Success : 6, Fail : 31, Threshold : 1.00000190747
CSF.py -  <module> DEBUG - The new edgeFound is only less than the previous edgeFound
inputAlgorithm.py -  updateResult DEBUG - copy new crash file to total crash folder
inputAlgorithm.py -  updateResult DEBUG - copy new input file to total input folder
inputAlgorithm.py -  updateResult DEBUG - remove out folder
thompson.py -  selectOption DEBUG - First line is nothing. Second line is ASAN.
thompson.py -  selectOption DEBUG - Success: 6, Fail: 31, Prob: [0.20174666]
thompson.py -  selectOption DEBUG - Success: 1, Fail: 11, Prob: [0.27950377]
thompson.py -  selectOption DEBUG - selected option: ASAN
run_afl_test.py -  fuzz DEBUG - run afl fuzzing
run_afl_test.py -  fuzzerResultInfo DEBUG - To obtain the fuzzing result information
run_afl_test.py -  fuzz DEBUG - calculate edgeFound_new percent :11.3258965881
CSF.py -  <module> DEBUG - Selected option: ASAN
CSF.py -  <module> DEBUG - Update before Success : 1, Fail : 11, Threshold : 1.00000190747
thompson.py -  updateOptionPosterior DEBUG - Update option function - Fail
CSF.py -  <module> DEBUG - Update after  Success : 1, Fail : 12, Threshold : 0.500000953735
inputAlgorithm.py -  updateResult DEBUG - copy new crash file to total crash folder
inputAlgorithm.py -  updateResult DEBUG - copy new input file to total input folder
inputAlgorithm.py -  updateResult DEBUG - remove out folder
thompson.py -  selectOption DEBUG - First line is nothing. Second line is ASAN.
thompson.py -  selectOption DEBUG - Success: 6, Fail: 31, Prob: [0.15684792]
thompson.py -  selectOption DEBUG - Success: 1, Fail: 12, Prob: [0.02558229]
thompson.py -  selectOption DEBUG - selected option: nothing
run_afl_test.py -  fuzz DEBUG - run afl fuzzing
run_afl_test.py -  fuzzerResultInfo DEBUG - To obtain the fuzzing result information
run_afl_test.py -  fuzz DEBUG - calculate edgeFound_new percent :22.3565700185
CSF.py -  <module> DEBUG - Selected option: nothing
CSF.py -  <module> DEBUG - Update before Success : 6, Fail : 31, Threshold : 0.500000953735
thompson.py -  updateOptionPosterior DEBUG - Update option function - Fail
CSF.py -  <module> DEBUG - Update after  Success : 6, Fail : 32, Threshold : 0.250000476868
inputAlgorithm.py -  updateResult DEBUG - copy new crash file to total crash folder
inputAlgorithm.py -  updateResult DEBUG - copy new input file to total input folder
inputAlgorithm.py -  updateResult DEBUG - remove out folder
thompson.py -  selectOption DEBUG - First line is nothing. Second line is ASAN.
thompson.py -  selectOption DEBUG - Success: 6, Fail: 32, Prob: [0.2556915]
thompson.py -  selectOption DEBUG - Success: 1, Fail: 12, Prob: [0.00206411]
thompson.py -  selectOption DEBUG - selected option: nothing
run_afl_test.py -  fuzz DEBUG - run afl fuzzing
run_afl_test.py -  fuzzerResultInfo DEBUG - To obtain the fuzzing result information
run_afl_test.py -  fuzz DEBUG - calculate edgeFound_new percent :22.5539790253
CSF.py -  <module> DEBUG - Selected option: nothing
CSF.py -  <module> DEBUG - Update before Success : 6, Fail : 32, Threshold : 0.250000476868
thompson.py -  updateOptionPosterior DEBUG - Update option function - Fail
CSF.py -  <module> DEBUG - Update after  Success : 6, Fail : 33, Threshold : 0.125000238434
inputAlgorithm.py -  updateResult DEBUG - copy new crash file to total crash folder
inputAlgorithm.py -  updateResult DEBUG - copy new input file to total input folder
inputAlgorithm.py -  updateResult DEBUG - remove out folder
thompson.py -  selectOption DEBUG - First line is nothing. Second line is ASAN.
thompson.py -  selectOption DEBUG - Success: 6, Fail: 33, Prob: [0.06755219]
thompson.py -  selectOption DEBUG - Success: 1, Fail: 12, Prob: [0.1798585]
thompson.py -  selectOption DEBUG - selected option: ASAN
run_afl_test.py -  fuzz DEBUG - run afl fuzzing
run_afl_test.py -  fuzzerResultInfo DEBUG - To obtain the fuzzing result information
run_afl_test.py -  fuzz DEBUG - calculate edgeFound_new percent :11.3331637659
CSF.py -  <module> DEBUG - Selected option: ASAN
CSF.py -  <module> DEBUG - Update before Success : 1, Fail : 12, Threshold : 0.125000238434
thompson.py -  updateOptionPosterior DEBUG - Update option function - Fail
CSF.py -  <module> DEBUG - Update after  Success : 1, Fail : 13, Threshold : 0.0625001192169
inputAlgorithm.py -  updateResult DEBUG - copy new crash file to total crash folder
inputAlgorithm.py -  updateResult DEBUG - copy new input file to total input folder
inputAlgorithm.py -  updateResult DEBUG - remove out folder
thompson.py -  selectOption DEBUG - First line is nothing. Second line is ASAN.
thompson.py -  selectOption DEBUG - Success: 6, Fail: 33, Prob: [0.14435529]
thompson.py -  selectOption DEBUG - Success: 1, Fail: 13, Prob: [0.05086616]
thompson.py -  selectOption DEBUG - selected option: nothing
run_afl_test.py -  fuzz DEBUG - run afl fuzzing
run_afl_test.py -  fuzzerResultInfo DEBUG - To obtain the fuzzing result information
run_afl_test.py -  fuzz DEBUG - calculate edgeFound_new percent :22.3812461444
CSF.py -  <module> DEBUG - Selected option: nothing
CSF.py -  <module> DEBUG - Update before Success : 6, Fail : 33, Threshold : 0.0625001192169
thompson.py -  updateOptionPosterior DEBUG - Update option function - Fail
CSF.py -  <module> DEBUG - Update after  Success : 6, Fail : 34, Threshold : 0.0312500596085
inputAlgorithm.py -  updateResult DEBUG - copy new crash file to total crash folder
inputAlgorithm.py -  updateResult DEBUG - copy new input file to total input folder
inputAlgorithm.py -  updateResult DEBUG - remove out folder
thompson.py -  selectOption DEBUG - First line is nothing. Second line is ASAN.
thompson.py -  selectOption DEBUG - Success: 6, Fail: 34, Prob: [0.13752237]
thompson.py -  selectOption DEBUG - Success: 1, Fail: 13, Prob: [0.02905294]
thompson.py -  selectOption DEBUG - selected option: nothing
run_afl_test.py -  fuzz DEBUG - run afl fuzzing
run_afl_test.py -  fuzzerResultInfo DEBUG - To obtain the fuzzing result information
run_afl_test.py -  fuzz DEBUG - calculate edgeFound_new percent :22.5293028994
CSF.py -  <module> DEBUG - Selected option: nothing
CSF.py -  <module> DEBUG - Update before Success : 6, Fail : 34, Threshold : 0.0312500596085
thompson.py -  updateOptionPosterior DEBUG - Update option function - Fail
CSF.py -  <module> DEBUG - Update after  Success : 6, Fail : 35, Threshold : 0.0156250298042
inputAlgorithm.py -  updateResult DEBUG - copy new crash file to total crash folder
inputAlgorithm.py -  updateResult DEBUG - copy new input file to total input folder
inputAlgorithm.py -  updateResult DEBUG - remove out folder
thompson.py -  selectOption DEBUG - First line is nothing. Second line is ASAN.
thompson.py -  selectOption DEBUG - Success: 6, Fail: 35, Prob: [0.10719114]
thompson.py -  selectOption DEBUG - Success: 1, Fail: 13, Prob: [0.16453079]
thompson.py -  selectOption DEBUG - selected option: ASAN
run_afl_test.py -  fuzz DEBUG - run afl fuzzing
run_afl_test.py -  fuzzerResultInfo DEBUG - To obtain the fuzzing result information
run_afl_test.py -  fuzz DEBUG - calculate edgeFound_new percent :11.3331637659
CSF.py -  <module> DEBUG - Selected option: ASAN
CSF.py -  <module> DEBUG - Update before Success : 1, Fail : 13, Threshold : 0.0156250298042
thompson.py -  updateOptionPosterior DEBUG - Update option function - Fail
CSF.py -  <module> DEBUG - Update after  Success : 1, Fail : 14, Threshold : 0.00781251490211
inputAlgorithm.py -  updateResult DEBUG - copy new crash file to total crash folder
inputAlgorithm.py -  updateResult DEBUG - copy new input file to total input folder
inputAlgorithm.py -  updateResult DEBUG - remove out folder
thompson.py -  selectOption DEBUG - First line is nothing. Second line is ASAN.
thompson.py -  selectOption DEBUG - Success: 6, Fail: 35, Prob: [0.04573479]
thompson.py -  selectOption DEBUG - Success: 1, Fail: 14, Prob: [0.00680336]
thompson.py -  selectOption DEBUG - selected option: nothing
run_afl_test.py -  fuzz DEBUG - run afl fuzzing
run_afl_test.py -  fuzzerResultInfo DEBUG - To obtain the fuzzing result information
run_afl_test.py -  fuzz DEBUG - calculate edgeFound_new percent :22.3195558297
CSF.py -  <module> DEBUG - Selected option: nothing
CSF.py -  <module> DEBUG - Update before Success : 6, Fail : 35, Threshold : 0.00781251490211
thompson.py -  updateOptionPosterior DEBUG - Update option function - Fail
CSF.py -  <module> DEBUG - Update after  Success : 6, Fail : 36, Threshold : 0.00390625745106
inputAlgorithm.py -  updateResult DEBUG - copy new crash file to total crash folder
inputAlgorithm.py -  updateResult DEBUG - copy new input file to total input folder
inputAlgorithm.py -  updateResult DEBUG - remove out folder
thompson.py -  selectOption DEBUG - First line is nothing. Second line is ASAN.
thompson.py -  selectOption DEBUG - Success: 6, Fail: 36, Prob: [0.1248717]
thompson.py -  selectOption DEBUG - Success: 1, Fail: 14, Prob: [0.13813378]
thompson.py -  selectOption DEBUG - selected option: ASAN
run_afl_test.py -  fuzz DEBUG - run afl fuzzing
run_afl_test.py -  fuzzerResultInfo DEBUG - To obtain the fuzzing result information
run_afl_test.py -  fuzz DEBUG - calculate edgeFound_new percent :11.5293775662
CSF.py -  <module> DEBUG - Selected option: ASAN
CSF.py -  <module> DEBUG - Update before Success : 1, Fail : 14, Threshold : 0.00390625745106
thompson.py -  updateOptionPosterior DEBUG - Update option function - Fail
CSF.py -  <module> DEBUG - Update after  Success : 1, Fail : 15, Threshold : 0.00195312872553
inputAlgorithm.py -  updateResult DEBUG - copy new crash file to total crash folder
inputAlgorithm.py -  updateResult DEBUG - copy new input file to total input folder
inputAlgorithm.py -  updateResult DEBUG - remove out folder
thompson.py -  selectOption DEBUG - First line is nothing. Second line is ASAN.
thompson.py -  selectOption DEBUG - Success: 6, Fail: 36, Prob: [0.12166768]
thompson.py -  selectOption DEBUG - Success: 1, Fail: 15, Prob: [0.11860878]
thompson.py -  selectOption DEBUG - selected option: nothing
run_afl_test.py -  fuzz DEBUG - run afl fuzzing
run_afl_test.py -  fuzzerResultInfo DEBUG - To obtain the fuzzing result information
run_afl_test.py -  fuzz DEBUG - calculate edgeFound_new percent :22.0604565083
CSF.py -  <module> DEBUG - Selected option: nothing
CSF.py -  <module> DEBUG - Update before Success : 6, Fail : 36, Threshold : 0.00195312872553
thompson.py -  updateOptionPosterior DEBUG - Update option function - Fail
CSF.py -  <module> DEBUG - Update after  Success : 6, Fail : 37, Threshold : 0.000976564362764
inputAlgorithm.py -  updateResult DEBUG - copy new crash file to total crash folder
inputAlgorithm.py -  updateResult DEBUG - copy new input file to total input folder
inputAlgorithm.py -  updateResult DEBUG - remove out folder
thompson.py -  selectOption DEBUG - First line is nothing. Second line is ASAN.
thompson.py -  selectOption DEBUG - Success: 6, Fail: 37, Prob: [0.18667725]
thompson.py -  selectOption DEBUG - Success: 1, Fail: 15, Prob: [0.21980336]
thompson.py -  selectOption DEBUG - selected option: ASAN
run_afl_test.py -  fuzz DEBUG - run afl fuzzing
run_afl_test.py -  fuzzerResultInfo DEBUG - To obtain the fuzzing result information
run_afl_test.py -  fuzz DEBUG - calculate edgeFound_new percent :11.3404309436
CSF.py -  <module> DEBUG - Selected option: ASAN
CSF.py -  <module> DEBUG - Update before Success : 1, Fail : 15, Threshold : 0.000976564362764
thompson.py -  updateOptionPosterior DEBUG - Update option function - Fail
CSF.py -  <module> DEBUG - Update after  Success : 1, Fail : 16, Threshold : 0.000488282181382
inputAlgorithm.py -  updateResult DEBUG - copy new crash file to total crash folder
inputAlgorithm.py -  updateResult DEBUG - copy new input file to total input folder
inputAlgorithm.py -  updateResult DEBUG - remove out folder
thompson.py -  selectOption DEBUG - First line is nothing. Second line is ASAN.
thompson.py -  selectOption DEBUG - Success: 6, Fail: 37, Prob: [0.08930225]
thompson.py -  selectOption DEBUG - Success: 1, Fail: 16, Prob: [0.03326363]
thompson.py -  selectOption DEBUG - selected option: nothing
run_afl_test.py -  fuzz DEBUG - run afl fuzzing
run_afl_test.py -  fuzzerResultInfo DEBUG - To obtain the fuzzing result information
run_afl_test.py -  fuzz DEBUG - calculate edgeFound_new percent :22.0851326342
CSF.py -  <module> DEBUG - Selected option: nothing
CSF.py -  <module> DEBUG - Update before Success : 6, Fail : 37, Threshold : 0.000488282181382
thompson.py -  updateOptionPosterior DEBUG - Update option function - Fail
CSF.py -  <module> DEBUG - Update after  Success : 6, Fail : 38, Threshold : 0.000244141090691
inputAlgorithm.py -  updateResult DEBUG - copy new crash file to total crash folder
inputAlgorithm.py -  updateResult DEBUG - copy new input file to total input folder
inputAlgorithm.py -  updateResult DEBUG - remove out folder
thompson.py -  selectOption DEBUG - First line is nothing. Second line is ASAN.
thompson.py -  selectOption DEBUG - Success: 6, Fail: 38, Prob: [0.11321017]
thompson.py -  selectOption DEBUG - Success: 1, Fail: 16, Prob: [0.05660189]
thompson.py -  selectOption DEBUG - selected option: nothing
run_afl_test.py -  fuzz DEBUG - run afl fuzzing
run_afl_test.py -  fuzzerResultInfo DEBUG - To obtain the fuzzing result information
run_afl_test.py -  fuzz DEBUG - calculate edgeFound_new percent :22.1344848859
CSF.py -  <module> DEBUG - Selected option: nothing
CSF.py -  <module> DEBUG - Update before Success : 6, Fail : 38, Threshold : 0.000244141090691
thompson.py -  updateOptionPosterior DEBUG - Update option function - Fail
CSF.py -  <module> DEBUG - Update after  Success : 6, Fail : 39, Threshold : 0.000122070545346
inputAlgorithm.py -  updateResult DEBUG - copy new crash file to total crash folder
inputAlgorithm.py -  updateResult DEBUG - copy new input file to total input folder
inputAlgorithm.py -  updateResult DEBUG - remove out folder
thompson.py -  selectOption DEBUG - First line is nothing. Second line is ASAN.
thompson.py -  selectOption DEBUG - Success: 6, Fail: 39, Prob: [0.10925463]
thompson.py -  selectOption DEBUG - Success: 1, Fail: 16, Prob: [0.0889412]
thompson.py -  selectOption DEBUG - selected option: nothing
run_afl_test.py -  fuzz DEBUG - run afl fuzzing
run_afl_test.py -  fuzzerResultInfo DEBUG - To obtain the fuzzing result information
run_afl_test.py -  fuzz DEBUG - calculate edgeFound_new percent :22.1468229488
CSF.py -  <module> DEBUG - Selected option: nothing
CSF.py -  <module> DEBUG - Update before Success : 6, Fail : 39, Threshold : 0.000122070545346
thompson.py -  updateOptionPosterior DEBUG - Update option function - Fail
CSF.py -  <module> DEBUG - Update after  Success : 6, Fail : 40, Threshold : 6.10352726728e-05
inputAlgorithm.py -  updateResult DEBUG - copy new crash file to total crash folder
inputAlgorithm.py -  updateResult DEBUG - copy new input file to total input folder
inputAlgorithm.py -  updateResult DEBUG - remove out folder
thompson.py -  selectOption DEBUG - First line is nothing. Second line is ASAN.
thompson.py -  selectOption DEBUG - Success: 6, Fail: 40, Prob: [0.09149309]
thompson.py -  selectOption DEBUG - Success: 1, Fail: 16, Prob: [0.11590617]
thompson.py -  selectOption DEBUG - selected option: ASAN
run_afl_test.py -  fuzz DEBUG - run afl fuzzing
run_afl_test.py -  fuzzerResultInfo DEBUG - To obtain the fuzzing result information
run_afl_test.py -  fuzz DEBUG - calculate edgeFound_new percent :11.3876675993
CSF.py -  <module> DEBUG - Selected option: ASAN
CSF.py -  <module> DEBUG - Update before Success : 1, Fail : 16, Threshold : 6.10352726728e-05
thompson.py -  updateOptionPosterior DEBUG - Update option function - Fail
CSF.py -  <module> DEBUG - Update after  Success : 1, Fail : 17, Threshold : 3.05176363364e-05
inputAlgorithm.py -  updateResult DEBUG - copy new crash file to total crash folder
inputAlgorithm.py -  updateResult DEBUG - copy new input file to total input folder
inputAlgorithm.py -  updateResult DEBUG - remove out folder
thompson.py -  selectOption DEBUG - First line is nothing. Second line is ASAN.
thompson.py -  selectOption DEBUG - Success: 6, Fail: 40, Prob: [0.19905512]
thompson.py -  selectOption DEBUG - Success: 1, Fail: 17, Prob: [0.11220689]
thompson.py -  selectOption DEBUG - selected option: nothing
run_afl_test.py -  fuzz DEBUG - run afl fuzzing
run_afl_test.py -  fuzzerResultInfo DEBUG - To obtain the fuzzing result information
run_afl_test.py -  fuzz DEBUG - calculate edgeFound_new percent :22.3072177668
CSF.py -  <module> DEBUG - Selected option: nothing
CSF.py -  <module> DEBUG - Update before Success : 6, Fail : 40, Threshold : 3.05176363364e-05
thompson.py -  updateOptionPosterior DEBUG - Update option function - Fail
CSF.py -  <module> DEBUG - Update after  Success : 6, Fail : 41, Threshold : 1.52588181682e-05
inputAlgorithm.py -  updateResult DEBUG - copy new crash file to total crash folder
inputAlgorithm.py -  updateResult DEBUG - copy new input file to total input folder
inputAlgorithm.py -  updateResult DEBUG - remove out folder
thompson.py -  selectOption DEBUG - First line is nothing. Second line is ASAN.
thompson.py -  selectOption DEBUG - Success: 6, Fail: 41, Prob: [0.03999137]
thompson.py -  selectOption DEBUG - Success: 1, Fail: 17, Prob: [0.01901496]
thompson.py -  selectOption DEBUG - selected option: nothing
run_afl_test.py -  fuzz DEBUG - run afl fuzzing
run_afl_test.py -  fuzzerResultInfo DEBUG - To obtain the fuzzing result information
run_afl_test.py -  fuzz DEBUG - calculate edgeFound_new percent :22.4182603331
CSF.py -  <module> DEBUG - Selected option: nothing
CSF.py -  <module> DEBUG - Update before Success : 6, Fail : 41, Threshold : 1.52588181682e-05
thompson.py -  updateOptionPosterior DEBUG - Update option function - Fail
CSF.py -  <module> DEBUG - Update after  Success : 6, Fail : 42, Threshold : 7.6294090841e-06
inputAlgorithm.py -  updateResult DEBUG - copy new crash file to total crash folder
inputAlgorithm.py -  updateResult DEBUG - copy new input file to total input folder
inputAlgorithm.py -  updateResult DEBUG - remove out folder
thompson.py -  selectOption DEBUG - First line is nothing. Second line is ASAN.
thompson.py -  selectOption DEBUG - Success: 6, Fail: 42, Prob: [0.11692111]
thompson.py -  selectOption DEBUG - Success: 1, Fail: 17, Prob: [0.03686737]
thompson.py -  selectOption DEBUG - selected option: nothing
run_afl_test.py -  fuzz DEBUG - run afl fuzzing
run_afl_test.py -  fuzzerResultInfo DEBUG - To obtain the fuzzing result information
run_afl_test.py -  fuzz DEBUG - calculate edgeFound_new percent :22.1221468229
CSF.py -  <module> DEBUG - Selected option: nothing
CSF.py -  <module> DEBUG - Update before Success : 6, Fail : 42, Threshold : 7.6294090841e-06
thompson.py -  updateOptionPosterior DEBUG - Update option function - Fail
CSF.py -  <module> DEBUG - Update after  Success : 6, Fail : 43, Threshold : 3.81470454205e-06
inputAlgorithm.py -  updateResult DEBUG - copy new crash file to total crash folder
inputAlgorithm.py -  updateResult DEBUG - copy new input file to total input folder
inputAlgorithm.py -  updateResult DEBUG - remove out folder
thompson.py -  selectOption DEBUG - First line is nothing. Second line is ASAN.
thompson.py -  selectOption DEBUG - Success: 6, Fail: 43, Prob: [0.10483424]
thompson.py -  selectOption DEBUG - Success: 1, Fail: 17, Prob: [0.11899283]
thompson.py -  selectOption DEBUG - selected option: ASAN
run_afl_test.py -  fuzz DEBUG - run afl fuzzing
run_afl_test.py -  fuzzerResultInfo DEBUG - To obtain the fuzzing result information
run_afl_test.py -  fuzz DEBUG - calculate edgeFound_new percent :11.3367973547
CSF.py -  <module> DEBUG - Selected option: ASAN
CSF.py -  <module> DEBUG - Update before Success : 1, Fail : 17, Threshold : 3.81470454205e-06
thompson.py -  updateOptionPosterior DEBUG - Update option function - Fail
CSF.py -  <module> DEBUG - Update after  Success : 1, Fail : 18, Threshold : 1.90735227102e-06
inputAlgorithm.py -  updateResult DEBUG - copy new crash file to total crash folder
inputAlgorithm.py -  updateResult DEBUG - copy new input file to total input folder
inputAlgorithm.py -  updateResult DEBUG - remove out folder
thompson.py -  selectOption DEBUG - First line is nothing. Second line is ASAN.
thompson.py -  selectOption DEBUG - Success: 6, Fail: 43, Prob: [0.09460235]
thompson.py -  selectOption DEBUG - Success: 1, Fail: 18, Prob: [0.04647648]
thompson.py -  selectOption DEBUG - selected option: nothing
run_afl_test.py -  fuzz DEBUG - run afl fuzzing
run_afl_test.py -  fuzzerResultInfo DEBUG - To obtain the fuzzing result information
run_afl_test.py -  fuzz DEBUG - calculate edgeFound_new percent :22.1468229488
CSF.py -  <module> DEBUG - Selected option: nothing
CSF.py -  <module> DEBUG - Update before Success : 6, Fail : 43, Threshold : 1.90735227102e-06
thompson.py -  updateOptionPosterior DEBUG - Update option function - Fail
CSF.py -  <module> DEBUG - Update after  Success : 6, Fail : 44, Threshold : 9.53676135512e-07
inputAlgorithm.py -  updateResult DEBUG - copy new crash file to total crash folder
inputAlgorithm.py -  updateResult DEBUG - copy new input file to total input folder
inputAlgorithm.py -  updateResult DEBUG - remove out folder
thompson.py -  selectOption DEBUG - First line is nothing. Second line is ASAN.
thompson.py -  selectOption DEBUG - Success: 6, Fail: 44, Prob: [0.12894522]
thompson.py -  selectOption DEBUG - Success: 1, Fail: 18, Prob: [0.00603788]
thompson.py -  selectOption DEBUG - selected option: nothing
run_afl_test.py -  fuzz DEBUG - run afl fuzzing
run_afl_test.py -  fuzzerResultInfo DEBUG - To obtain the fuzzing result information
run_afl_test.py -  fuzz DEBUG - calculate edgeFound_new percent :22.5663170882
CSF.py -  <module> DEBUG - Selected option: nothing
CSF.py -  <module> DEBUG - Update before Success : 6, Fail : 44, Threshold : 9.53676135512e-07
thompson.py -  updateOptionPosterior DEBUG - Update option function - Fail
CSF.py -  <module> DEBUG - Update after  Success : 6, Fail : 45, Threshold : 4.76838067756e-07
inputAlgorithm.py -  updateResult DEBUG - copy new crash file to total crash folder
inputAlgorithm.py -  updateResult DEBUG - copy new input file to total input folder
inputAlgorithm.py -  updateResult DEBUG - remove out folder
thompson.py -  selectOption DEBUG - First line is nothing. Second line is ASAN.
thompson.py -  selectOption DEBUG - Success: 6, Fail: 45, Prob: [0.11828023]
thompson.py -  selectOption DEBUG - Success: 1, Fail: 18, Prob: [0.0033564]
thompson.py -  selectOption DEBUG - selected option: nothing
run_afl_test.py -  fuzz DEBUG - run afl fuzzing
run_afl_test.py -  fuzzerResultInfo DEBUG - To obtain the fuzzing result information
run_afl_test.py -  fuzz DEBUG - calculate edgeFound_new percent :22.270203578
CSF.py -  <module> DEBUG - Selected option: nothing
CSF.py -  <module> DEBUG - Update before Success : 6, Fail : 45, Threshold : 4.76838067756e-07
thompson.py -  updateOptionPosterior DEBUG - Update option function - Fail
CSF.py -  <module> DEBUG - Update after  Success : 6, Fail : 46, Threshold : 2.38419033878e-07
inputAlgorithm.py -  updateResult DEBUG - copy new crash file to total crash folder
inputAlgorithm.py -  updateResult DEBUG - copy new input file to total input folder
inputAlgorithm.py -  updateResult DEBUG - remove out folder
thompson.py -  selectOption DEBUG - First line is nothing. Second line is ASAN.
thompson.py -  selectOption DEBUG - Success: 6, Fail: 46, Prob: [0.18826954]
thompson.py -  selectOption DEBUG - Success: 1, Fail: 18, Prob: [0.1118001]
thompson.py -  selectOption DEBUG - selected option: nothing
run_afl_test.py -  fuzz DEBUG - run afl fuzzing
run_afl_test.py -  fuzzerResultInfo DEBUG - To obtain the fuzzing result information
run_afl_test.py -  fuzz DEBUG - calculate edgeFound_new percent :22.4182603331
CSF.py -  <module> DEBUG - Selected option: nothing
CSF.py -  <module> DEBUG - Update before Success : 6, Fail : 46, Threshold : 2.38419033878e-07
thompson.py -  updateOptionPosterior DEBUG - Update option function - Fail
CSF.py -  <module> DEBUG - Update after  Success : 6, Fail : 47, Threshold : 1.19209516939e-07
inputAlgorithm.py -  updateResult DEBUG - copy new crash file to total crash folder
inputAlgorithm.py -  updateResult DEBUG - copy new input file to total input folder
inputAlgorithm.py -  updateResult DEBUG - remove out folder
thompson.py -  selectOption DEBUG - First line is nothing. Second line is ASAN.
thompson.py -  selectOption DEBUG - Success: 6, Fail: 47, Prob: [0.06906643]
thompson.py -  selectOption DEBUG - Success: 1, Fail: 18, Prob: [0.03036322]
thompson.py -  selectOption DEBUG - selected option: nothing
run_afl_test.py -  fuzz DEBUG - run afl fuzzing
run_afl_test.py -  fuzzerResultInfo DEBUG - To obtain the fuzzing result information
run_afl_test.py -  fuzz DEBUG - calculate edgeFound_new percent :22.3935842073
CSF.py -  <module> DEBUG - Selected option: nothing
CSF.py -  <module> DEBUG - Update before Success : 6, Fail : 47, Threshold : 1.19209516939e-07
thompson.py -  updateOptionPosterior DEBUG - Update option function - Fail
CSF.py -  <module> DEBUG - Update after  Success : 6, Fail : 48, Threshold : 5.96047584695e-08
inputAlgorithm.py -  updateResult DEBUG - copy new crash file to total crash folder
inputAlgorithm.py -  updateResult DEBUG - copy new input file to total input folder
inputAlgorithm.py -  updateResult DEBUG - remove out folder
thompson.py -  selectOption DEBUG - First line is nothing. Second line is ASAN.
thompson.py -  selectOption DEBUG - Success: 6, Fail: 48, Prob: [0.15457884]
thompson.py -  selectOption DEBUG - Success: 1, Fail: 18, Prob: [0.0252018]
thompson.py -  selectOption DEBUG - selected option: nothing
run_afl_test.py -  fuzz DEBUG - run afl fuzzing
run_afl_test.py -  fuzzerResultInfo DEBUG - To obtain the fuzzing result information
run_afl_test.py -  fuzz DEBUG - calculate edgeFound_new percent :22.282541641
CSF.py -  <module> DEBUG - Selected option: nothing
CSF.py -  <module> DEBUG - Update before Success : 6, Fail : 48, Threshold : 5.96047584695e-08
thompson.py -  updateOptionPosterior DEBUG - Update option function - Fail
CSF.py -  <module> DEBUG - Update after  Success : 6, Fail : 49, Threshold : 2.98023792347e-08
inputAlgorithm.py -  updateResult DEBUG - copy new crash file to total crash folder
inputAlgorithm.py -  updateResult DEBUG - copy new input file to total input folder
inputAlgorithm.py -  updateResult DEBUG - remove out folder
thompson.py -  selectOption DEBUG - First line is nothing. Second line is ASAN.
thompson.py -  selectOption DEBUG - Success: 6, Fail: 49, Prob: [0.10139271]
thompson.py -  selectOption DEBUG - Success: 1, Fail: 18, Prob: [0.03788226]
thompson.py -  selectOption DEBUG - selected option: nothing
run_afl_test.py -  fuzz DEBUG - run afl fuzzing
run_afl_test.py -  fuzzerResultInfo DEBUG - To obtain the fuzzing result information
run_afl_test.py -  fuzz DEBUG - calculate edgeFound_new percent :22.0111042566
CSF.py -  <module> DEBUG - Selected option: nothing
CSF.py -  <module> DEBUG - Update before Success : 6, Fail : 49, Threshold : 2.98023792347e-08
thompson.py -  updateOptionPosterior DEBUG - Update option function - Fail
CSF.py -  <module> DEBUG - Update after  Success : 6, Fail : 50, Threshold : 1.49011896174e-08
inputAlgorithm.py -  updateResult DEBUG - copy new crash file to total crash folder
inputAlgorithm.py -  updateResult DEBUG - copy new input file to total input folder
inputAlgorithm.py -  updateResult DEBUG - remove out folder
thompson.py -  selectOption DEBUG - First line is nothing. Second line is ASAN.
thompson.py -  selectOption DEBUG - Success: 6, Fail: 50, Prob: [0.14069878]
thompson.py -  selectOption DEBUG - Success: 1, Fail: 18, Prob: [0.02582933]
thompson.py -  selectOption DEBUG - selected option: nothing
run_afl_test.py -  fuzz DEBUG - run afl fuzzing
run_afl_test.py -  fuzzerResultInfo DEBUG - To obtain the fuzzing result information
run_afl_test.py -  fuzz DEBUG - calculate edgeFound_new percent :22.5293028994
CSF.py -  <module> DEBUG - Selected option: nothing
CSF.py -  <module> DEBUG - Update before Success : 6, Fail : 50, Threshold : 1.49011896174e-08
thompson.py -  updateOptionPosterior DEBUG - Update option function - Fail
CSF.py -  <module> DEBUG - Update after  Success : 6, Fail : 51, Threshold : 7.45059480869e-09
inputAlgorithm.py -  updateResult DEBUG - copy new crash file to total crash folder
inputAlgorithm.py -  updateResult DEBUG - copy new input file to total input folder
inputAlgorithm.py -  updateResult DEBUG - remove out folder
CSF.py -  <module> DEBUG - Result | option : nothing success : 6 fail : 51
CSF.py -  <module> DEBUG - Result | option : ASAN success : 1 fail : 18
